<?xml version="1.0" encoding="UTF-8"?>
<testsuite name="com.example.task2.Task2ApplicationTests" tests="1" skipped="0" failures="0" errors="0" timestamp="2022-09-23T11:51:43" hostname="X13" time="0.287">
  <properties/>
  <testcase name="contextLoads()" classname="com.example.task2.Task2ApplicationTests" time="0.287"/>
  <system-out><![CDATA[14:51:41.916 [Test worker] DEBUG org.springframework.test.context.BootstrapUtils - Instantiating CacheAwareContextLoaderDelegate from class [org.springframework.test.context.cache.DefaultCacheAwareContextLoaderDelegate]
14:51:41.923 [Test worker] DEBUG org.springframework.test.context.BootstrapUtils - Instantiating BootstrapContext using constructor [public org.springframework.test.context.support.DefaultBootstrapContext(java.lang.Class,org.springframework.test.context.CacheAwareContextLoaderDelegate)]
14:51:41.946 [Test worker] DEBUG org.springframework.test.context.BootstrapUtils - Instantiating TestContextBootstrapper for test class [com.example.task2.Task2ApplicationTests] from class [org.springframework.boot.test.context.SpringBootTestContextBootstrapper]
14:51:41.954 [Test worker] INFO org.springframework.boot.test.context.SpringBootTestContextBootstrapper - Neither @ContextConfiguration nor @ContextHierarchy found for test class [com.example.task2.Task2ApplicationTests], using SpringBootContextLoader
14:51:41.958 [Test worker] DEBUG org.springframework.test.context.support.AbstractContextLoader - Did not detect default resource location for test class [com.example.task2.Task2ApplicationTests]: class path resource [com/example/task2/Task2ApplicationTests-context.xml] does not exist
14:51:41.958 [Test worker] DEBUG org.springframework.test.context.support.AbstractContextLoader - Did not detect default resource location for test class [com.example.task2.Task2ApplicationTests]: class path resource [com/example/task2/Task2ApplicationTestsContext.groovy] does not exist
14:51:41.958 [Test worker] INFO org.springframework.test.context.support.AbstractContextLoader - Could not detect default resource locations for test class [com.example.task2.Task2ApplicationTests]: no resource found for suffixes {-context.xml, Context.groovy}.
14:51:41.959 [Test worker] INFO org.springframework.test.context.support.AnnotationConfigContextLoaderUtils - Could not detect default configuration classes for test class [com.example.task2.Task2ApplicationTests]: Task2ApplicationTests does not declare any static, non-private, non-final, nested classes annotated with @Configuration.
14:51:41.989 [Test worker] DEBUG org.springframework.test.context.support.ActiveProfilesUtils - Could not find an 'annotation declaring class' for annotation type [org.springframework.test.context.ActiveProfiles] and class [com.example.task2.Task2ApplicationTests]
14:51:42.046 [Test worker] DEBUG org.springframework.context.annotation.ClassPathScanningCandidateComponentProvider - Identified candidate component class: file [C:\Users\ColeAgwien\IdeaProjects\Task2\build\classes\java\main\com\example\task2\Task2Application.class]
14:51:42.047 [Test worker] INFO org.springframework.boot.test.context.SpringBootTestContextBootstrapper - Found @SpringBootConfiguration com.example.task2.Task2Application for test class com.example.task2.Task2ApplicationTests
14:51:42.111 [Test worker] DEBUG org.springframework.boot.test.context.SpringBootTestContextBootstrapper - @TestExecutionListeners is not present for class [com.example.task2.Task2ApplicationTests]: using defaults.
14:51:42.111 [Test worker] INFO org.springframework.boot.test.context.SpringBootTestContextBootstrapper - Loaded default TestExecutionListener class names from location [META-INF/spring.factories]: [org.springframework.boot.test.autoconfigure.restdocs.RestDocsTestExecutionListener, org.springframework.boot.test.autoconfigure.web.client.MockRestServiceServerResetTestExecutionListener, org.springframework.boot.test.autoconfigure.web.servlet.MockMvcPrintOnlyOnFailureTestExecutionListener, org.springframework.boot.test.autoconfigure.web.servlet.WebDriverTestExecutionListener, org.springframework.boot.test.autoconfigure.webservices.client.MockWebServiceServerTestExecutionListener, org.springframework.boot.test.mock.mockito.MockitoTestExecutionListener, org.springframework.boot.test.mock.mockito.ResetMocksTestExecutionListener, org.springframework.test.context.web.ServletTestExecutionListener, org.springframework.test.context.support.DirtiesContextBeforeModesTestExecutionListener, org.springframework.test.context.event.ApplicationEventsTestExecutionListener, org.springframework.test.context.support.DependencyInjectionTestExecutionListener, org.springframework.test.context.support.DirtiesContextTestExecutionListener, org.springframework.test.context.transaction.TransactionalTestExecutionListener, org.springframework.test.context.jdbc.SqlScriptsTestExecutionListener, org.springframework.test.context.event.EventPublishingTestExecutionListener]
14:51:42.121 [Test worker] DEBUG org.springframework.boot.test.context.SpringBootTestContextBootstrapper - Skipping candidate TestExecutionListener [org.springframework.test.context.transaction.TransactionalTestExecutionListener] due to a missing dependency. Specify custom listener classes or make the default listener classes and their required dependencies available. Offending class: [org/springframework/transaction/interceptor/TransactionAttributeSource]
14:51:42.122 [Test worker] DEBUG org.springframework.boot.test.context.SpringBootTestContextBootstrapper - Skipping candidate TestExecutionListener [org.springframework.test.context.jdbc.SqlScriptsTestExecutionListener] due to a missing dependency. Specify custom listener classes or make the default listener classes and their required dependencies available. Offending class: [org/springframework/transaction/interceptor/TransactionAttribute]
14:51:42.122 [Test worker] INFO org.springframework.boot.test.context.SpringBootTestContextBootstrapper - Using TestExecutionListeners: [org.springframework.test.context.web.ServletTestExecutionListener@58e6d4b8, org.springframework.test.context.support.DirtiesContextBeforeModesTestExecutionListener@1de5f0ef, org.springframework.test.context.event.ApplicationEventsTestExecutionListener@376a312c, org.springframework.boot.test.mock.mockito.MockitoTestExecutionListener@28d6290, org.springframework.boot.test.autoconfigure.SpringBootDependencyInjectionTestExecutionListener@6ca0256d, org.springframework.test.context.support.DirtiesContextTestExecutionListener@5ef0d29e, org.springframework.test.context.event.EventPublishingTestExecutionListener@38f57b3d, org.springframework.boot.test.autoconfigure.restdocs.RestDocsTestExecutionListener@51850751, org.springframework.boot.test.autoconfigure.web.client.MockRestServiceServerResetTestExecutionListener@3ce3db41, org.springframework.boot.test.autoconfigure.web.servlet.MockMvcPrintOnlyOnFailureTestExecutionListener@64df9a61, org.springframework.boot.test.autoconfigure.web.servlet.WebDriverTestExecutionListener@77602954, org.springframework.boot.test.autoconfigure.webservices.client.MockWebServiceServerTestExecutionListener@e260766, org.springframework.boot.test.mock.mockito.ResetMocksTestExecutionListener@2c3dec30]
14:51:42.125 [Test worker] DEBUG org.springframework.test.context.support.AbstractDirtiesContextTestExecutionListener - Before test class: context [DefaultTestContext@24bdb479 testClass = Task2ApplicationTests, testInstance = [null], testMethod = [null], testException = [null], mergedContextConfiguration = [WebMergedContextConfiguration@7e3f95fe testClass = Task2ApplicationTests, locations = '{}', classes = '{class com.example.task2.Task2Application}', contextInitializerClasses = '[]', activeProfiles = '{}', propertySourceLocations = '{}', propertySourceProperties = '{org.springframework.boot.test.context.SpringBootTestContextBootstrapper=true}', contextCustomizers = set[org.springframework.boot.test.autoconfigure.actuate.metrics.MetricsExportContextCustomizerFactory$DisableMetricExportContextCustomizer@22f31dec, org.springframework.boot.test.autoconfigure.properties.PropertyMappingContextCustomizer@0, org.springframework.boot.test.autoconfigure.web.servlet.WebDriverContextCustomizerFactory$Customizer@7a1234bf, org.springframework.boot.test.context.filter.ExcludeFilterContextCustomizer@6bffbc6d, org.springframework.boot.test.json.DuplicateJsonObjectContextCustomizerFactory$DuplicateJsonObjectContextCustomizer@39a2bb97, org.springframework.boot.test.mock.mockito.MockitoContextCustomizer@0, org.springframework.boot.test.web.client.TestRestTemplateContextCustomizer@3fc9504b, org.springframework.boot.test.context.SpringBootTestArgs@1, org.springframework.boot.test.context.SpringBootTestWebEnvironment@34f7cfd9], resourceBasePath = 'src/main/webapp', contextLoader = 'org.springframework.boot.test.context.SpringBootContextLoader', parent = [null]], attributes = map['org.springframework.test.context.web.ServletTestExecutionListener.activateListener' -> true]], class annotated with @DirtiesContext [false] with mode [null].

  .   ____          _            __ _ _
 /\\ / ___'_ __ _ _(_)_ __  __ _ \ \ \ \
( ( )\___ | '_ | '_| | '_ \/ _` | \ \ \ \
 \\/  ___)| |_)| | | | | || (_| |  ) ) ) )
  '  |____| .__|_| |_|_| |_\__, | / / / /
 =========|_|==============|___/=/_/_/_/
 :: Spring Boot ::                (v2.7.4)

2022-09-23 14:51:42.354  INFO 19720 --- [    Test worker] com.example.task2.Task2ApplicationTests  : Starting Task2ApplicationTests using Java 18.0.2.1 on X13 with PID 19720 (started by ColeAgwien in C:\Users\ColeAgwien\IdeaProjects\Task2)
2022-09-23 14:51:42.354  INFO 19720 --- [    Test worker] com.example.task2.Task2ApplicationTests  : No active profile set, falling back to 1 default profile: "default"
2022-09-23 14:51:43.207  INFO 19720 --- [    Test worker] o.s.b.a.w.s.WelcomePageHandlerMapping    : Adding welcome page: class path resource [static/index.html]
2022-09-23 14:51:43.382  INFO 19720 --- [    Test worker] com.example.task2.Task2ApplicationTests  : Started Task2ApplicationTests in 1.222 seconds (JVM running for 2.055)
]]></system-out>
  <system-err><![CDATA[]]></system-err>
</testsuite>
